<?xml version="1.0" encoding="UTF-8"?>
<testng-results ignored="0" total="1" passed="1" failed="0" skipped="0">
  <reporter-output>
  </reporter-output>
  <suite started-at="2021-04-25T14:35:28 IST" name="Default suite" finished-at="2021-04-25T14:35:28 IST" duration-ms="121">
    <groups>
    </groups>
    <test started-at="2021-04-25T14:35:28 IST" name="Default test" finished-at="2021-04-25T14:35:28 IST" duration-ms="121">
      <class name="testing.Sample">
        <test-method signature="test()[pri:0, instance:testing.Sample@5f16132a]" started-at="2021-04-25T14:35:28 IST" name="test" finished-at="2021-04-25T14:35:28 IST" duration-ms="23" status="PASS">
          <reporter-output>
          </reporter-output>
        </test-method> <!-- test -->
      </class> <!-- testing.Sample -->
    </test> <!-- Default test -->
  </suite> <!-- Default suite -->
</testng-results>
